2023-06-16 20:12:37,622 INFO  [background-preinit] o.h.validator.internal.util.Version - HV000001: Hibernate Validator 6.2.5.Final
2023-06-16 20:12:37,623 INFO  [restartedMain] c.e.SwipeRest.SwipeRestApplication - Starting SwipeRestApplication using Java 17.0.6 on DESKTOP-C3SD9P3 with PID 3624 (C:\Users\Amir Banov\IdeaProjects\Swipe-Rest\target\classes started by Amir Banov in C:\Users\Amir Banov\IdeaProjects\Swipe-Rest)
2023-06-16 20:12:37,625 INFO  [restartedMain] c.e.SwipeRest.SwipeRestApplication - No active profile set, falling back to 1 default profile: "default"
2023-06-16 20:12:37,655 INFO  [restartedMain] o.s.b.d.e.DevToolsPropertyDefaultsPostProcessor - Devtools property defaults active! Set 'spring.devtools.add-properties' to 'false' to disable
2023-06-16 20:12:37,655 INFO  [restartedMain] o.s.b.d.e.DevToolsPropertyDefaultsPostProcessor - For additional web related logging consider setting the 'logging.level.web' property to 'DEBUG'
2023-06-16 20:12:38,184 INFO  [restartedMain] o.s.d.r.c.RepositoryConfigurationDelegate - Bootstrapping Spring Data JPA repositories in DEFAULT mode.
2023-06-16 20:12:38,252 INFO  [restartedMain] o.s.d.r.c.RepositoryConfigurationDelegate - Finished Spring Data repository scanning in 62 ms. Found 10 JPA repository interfaces.
2023-06-16 20:12:38,615 INFO  [restartedMain] o.s.b.w.e.tomcat.TomcatWebServer - Tomcat initialized with port(s): 8080 (http)
2023-06-16 20:12:38,621 INFO  [restartedMain] o.a.coyote.http11.Http11NioProtocol - Initializing ProtocolHandler ["http-nio-8080"]
2023-06-16 20:12:38,621 INFO  [restartedMain] o.a.catalina.core.StandardService - Starting service [Tomcat]
2023-06-16 20:12:38,622 INFO  [restartedMain] o.a.catalina.core.StandardEngine - Starting Servlet engine: [Apache Tomcat/9.0.53]
2023-06-16 20:12:38,675 INFO  [restartedMain] o.a.c.c.C.[Tomcat].[localhost].[/] - Initializing Spring embedded WebApplicationContext
2023-06-16 20:12:38,676 INFO  [restartedMain] o.s.b.w.s.c.ServletWebServerApplicationContext - Root WebApplicationContext: initialization completed in 1021 ms
2023-06-16 20:12:38,769 INFO  [restartedMain] o.h.jpa.internal.util.LogHelper - HHH000204: Processing PersistenceUnitInfo [name: default]
2023-06-16 20:12:38,801 INFO  [restartedMain] org.hibernate.Version - HHH000412: Hibernate ORM core version 5.6.15.Final
2023-06-16 20:12:38,919 INFO  [restartedMain] o.h.annotations.common.Version - HCANN000001: Hibernate Commons Annotations {5.1.2.Final}
2023-06-16 20:12:38,988 INFO  [restartedMain] com.zaxxer.hikari.HikariDataSource - HikariPool-1 - Starting...
2023-06-16 20:12:39,247 INFO  [restartedMain] com.zaxxer.hikari.HikariDataSource - HikariPool-1 - Start completed.
2023-06-16 20:12:39,268 INFO  [restartedMain] org.hibernate.dialect.Dialect - HHH000400: Using dialect: org.hibernate.dialect.MySQL55Dialect
2023-06-16 20:12:40,616 INFO  [restartedMain] o.h.e.t.j.p.i.JtaPlatformInitiator - HHH000490: Using JtaPlatform implementation: [org.hibernate.engine.transaction.jta.platform.internal.NoJtaPlatform]
2023-06-16 20:12:40,625 INFO  [restartedMain] o.s.o.j.LocalContainerEntityManagerFactoryBean - Initialized JPA EntityManagerFactory for persistence unit 'default'
2023-06-16 20:12:41,126 INFO  [restartedMain] o.s.s.w.DefaultSecurityFilterChain - Will secure any request with [org.springframework.security.web.session.DisableEncodeUrlFilter@28880c7c, org.springframework.security.web.context.request.async.WebAsyncManagerIntegrationFilter@3c057000, org.springframework.security.web.context.SecurityContextPersistenceFilter@2fb42bfb, org.springframework.security.web.header.HeaderWriterFilter@32e50913, org.springframework.security.web.authentication.logout.LogoutFilter@68e9d61, com.example.SwipeRest.config.JWTAuthenticationFilter@47bfe388, org.springframework.security.web.savedrequest.RequestCacheAwareFilter@1ccbb3de, org.springframework.security.web.servletapi.SecurityContextHolderAwareRequestFilter@2a685dc3, org.springframework.security.web.authentication.AnonymousAuthenticationFilter@61e0e177, org.springframework.security.web.session.SessionManagementFilter@48eb3c95, org.springframework.security.web.access.ExceptionTranslationFilter@7bc334b0, org.springframework.security.web.access.intercept.AuthorizationFilter@78dd888d]
2023-06-16 20:12:41,198 WARN  [restartedMain] o.s.b.a.o.j.JpaBaseConfiguration$JpaWebConfiguration - spring.jpa.open-in-view is enabled by default. Therefore, database queries may be performed during view rendering. Explicitly configure spring.jpa.open-in-view to disable this warning
2023-06-16 20:12:41,450 INFO  [restartedMain] o.s.b.d.a.OptionalLiveReloadServer - LiveReload server is running on port 35729
2023-06-16 20:12:41,462 INFO  [restartedMain] o.a.coyote.http11.Http11NioProtocol - Starting ProtocolHandler ["http-nio-8080"]
2023-06-16 20:12:41,486 INFO  [restartedMain] o.s.b.w.e.tomcat.TomcatWebServer - Tomcat started on port(s): 8080 (http) with context path ''
2023-06-16 20:12:41,494 INFO  [restartedMain] c.e.SwipeRest.SwipeRestApplication - Started SwipeRestApplication in 4.134 seconds (JVM running for 4.699)
2023-06-16 20:12:49,062 INFO  [http-nio-8080-exec-1] o.a.c.c.C.[Tomcat].[localhost].[/] - Initializing Spring DispatcherServlet 'dispatcherServlet'
2023-06-16 20:12:49,062 INFO  [http-nio-8080-exec-1] o.s.web.servlet.DispatcherServlet - Initializing Servlet 'dispatcherServlet'
2023-06-16 20:12:49,063 INFO  [http-nio-8080-exec-1] o.s.web.servlet.DispatcherServlet - Completed initialization in 1 ms
2023-06-16 20:12:49,251 INFO  [http-nio-8080-exec-1] c.e.S.c.ApartmentController - Request all apartment
2023-06-16 20:12:49,251 INFO  [http-nio-8080-exec-1] c.e.S.s.impl.ApartmentServiceImpl - All apartmentDTO
2023-06-16 20:14:22,667 INFO  [SpringApplicationShutdownHook] o.s.o.j.LocalContainerEntityManagerFactoryBean - Closing JPA EntityManagerFactory for persistence unit 'default'
2023-06-16 20:14:22,669 INFO  [SpringApplicationShutdownHook] com.zaxxer.hikari.HikariDataSource - HikariPool-1 - Shutdown initiated...
2023-06-16 20:14:22,673 INFO  [SpringApplicationShutdownHook] com.zaxxer.hikari.HikariDataSource - HikariPool-1 - Shutdown completed.
2023-06-16 20:15:14,134 INFO  [main] c.e.S.service.impl.AgentServiceImpl - Find agent:8
2023-06-16 20:15:14,151 INFO  [main] c.e.S.service.impl.AgentServiceImpl - Agent:1 update
2023-06-16 20:15:14,153 INFO  [main] c.e.S.service.impl.AgentServiceImpl - All agent
2023-06-16 20:15:14,154 INFO  [main] c.e.S.service.impl.AgentServiceImpl - Not find agent:1
2023-06-16 20:15:14,156 INFO  [main] c.e.S.service.impl.AgentServiceImpl - Agent save
2023-06-16 20:15:14,157 INFO  [main] c.e.S.service.impl.AgentServiceImpl - Agent delete
2023-06-16 20:15:14,264 INFO  [main] c.e.S.s.impl.ApartmentServiceImpl - User update:7
2023-06-16 20:15:14,267 INFO  [main] c.e.S.s.impl.ApartmentServiceImpl - Photo update:1
2023-06-16 20:15:14,283 INFO  [main] c.e.S.s.impl.ApartmentServiceImpl - Apartment update:1
2023-06-16 20:15:14,287 INFO  [main] c.e.S.s.impl.ApartmentServiceImpl - User update:1
2023-06-16 20:15:14,287 INFO  [main] c.e.S.s.impl.ApartmentServiceImpl - Apartment update:1
2023-06-16 20:15:14,290 INFO  [main] c.e.S.s.impl.ApartmentServiceImpl - All apartment
2023-06-16 20:15:14,292 INFO  [main] c.e.S.s.impl.ApartmentServiceImpl - Apartment found by id:6
2023-06-16 20:15:14,292 INFO  [main] c.e.S.s.impl.ApartmentServiceImpl - Apartment not found by id:2
2023-06-16 20:15:14,294 INFO  [main] c.e.S.s.impl.ApartmentServiceImpl - All apartmentDTO
2023-06-16 20:15:14,296 INFO  [main] c.e.S.s.impl.ApartmentServiceImpl - Apartment not found by id:1
2023-06-16 20:15:14,297 INFO  [main] c.e.S.s.impl.ApartmentServiceImpl - Apartment save
2023-06-16 20:15:14,299 INFO  [main] c.e.S.s.impl.ApartmentServiceImpl - Apartment found by id:6
2023-06-16 20:15:14,301 INFO  [main] c.e.S.s.impl.ApartmentServiceImpl - Apartment save
2023-06-16 20:15:14,302 INFO  [main] c.e.S.s.impl.ApartmentServiceImpl - Apartment save
2023-06-16 20:15:14,335 INFO  [main] c.e.S.s.impl.DocumentsServiceImpl - Document update 1
2023-06-16 20:15:14,338 INFO  [main] c.e.S.s.impl.DocumentsServiceImpl - All Documents
2023-06-16 20:15:14,340 INFO  [main] c.e.S.s.impl.DocumentsServiceImpl - Document find:5
2023-06-16 20:15:14,343 INFO  [main] c.e.S.s.impl.DocumentsServiceImpl - Document save
2023-06-16 20:15:14,345 INFO  [main] c.e.S.s.impl.DocumentsServiceImpl - Document not find:1
2023-06-16 20:15:14,347 INFO  [main] c.e.S.s.impl.DocumentsServiceImpl - Document delete 5
2023-06-16 20:15:14,403 INFO  [main] c.e.S.service.impl.FrameServiceImpl - Frame not find 1
2023-06-16 20:15:14,406 INFO  [main] c.e.S.service.impl.FrameServiceImpl - Apartment update 1
2023-06-16 20:15:14,407 INFO  [main] c.e.S.service.impl.FrameServiceImpl - Frame update 10
2023-06-16 20:15:14,410 INFO  [main] c.e.S.service.impl.FrameServiceImpl - All frame
2023-06-16 20:15:14,412 INFO  [main] c.e.S.service.impl.FrameServiceImpl - Frame find 3
2023-06-16 20:15:14,415 INFO  [main] c.e.S.service.impl.FrameServiceImpl - Frame save
2023-06-16 20:15:14,417 INFO  [main] c.e.S.service.impl.FrameServiceImpl - Frame delete 1
2023-06-16 20:15:14,508 INFO  [main] c.e.S.service.impl.LCDServiceImpl - Frame update1
2023-06-16 20:15:14,509 INFO  [main] c.e.S.service.impl.LCDServiceImpl - Photo update0
2023-06-16 20:15:14,510 INFO  [main] c.e.S.service.impl.LCDServiceImpl - Document update1
2023-06-16 20:15:14,511 INFO  [main] c.e.S.service.impl.LCDServiceImpl - News update1
2023-06-16 20:15:14,511 INFO  [main] c.e.S.service.impl.LCDServiceImpl - User update12
2023-06-16 20:15:14,511 INFO  [main] c.e.S.service.impl.LCDServiceImpl - Lcd update1
2023-06-16 20:15:14,530 INFO  [main] c.e.S.service.impl.LCDServiceImpl - Lcd update1
2023-06-16 20:15:14,533 INFO  [main] c.e.S.service.impl.LCDServiceImpl - All lcd
2023-06-16 20:15:14,535 INFO  [main] c.e.S.service.impl.LCDServiceImpl - Lcd find 1
2023-06-16 20:15:14,536 INFO  [main] c.e.S.service.impl.LCDServiceImpl - Lcd not find 2
2023-06-16 20:15:14,538 INFO  [main] c.e.S.service.impl.LCDServiceImpl - All lcdDto
2023-06-16 20:15:14,541 INFO  [main] c.e.S.service.impl.LCDServiceImpl - Lcd save
2023-06-16 20:15:14,544 INFO  [main] c.e.S.service.impl.LCDServiceImpl - Lcd find 1
2023-06-16 20:15:14,544 INFO  [main] c.e.S.service.impl.LCDServiceImpl - Lcd not find 2
2023-06-16 20:15:14,547 INFO  [main] c.e.S.service.impl.LCDServiceImpl - Lcd delete
2023-06-16 20:15:14,550 INFO  [main] c.e.S.service.impl.LCDServiceImpl - Photo save
2023-06-16 20:15:14,551 INFO  [main] c.e.S.service.impl.LCDServiceImpl - Frame save
2023-06-16 20:15:14,551 INFO  [main] c.e.S.service.impl.LCDServiceImpl - Apartment save
2023-06-16 20:15:14,552 INFO  [main] c.e.S.service.impl.LCDServiceImpl - Document save
2023-06-16 20:15:14,552 INFO  [main] c.e.S.service.impl.LCDServiceImpl - News save
2023-06-16 20:15:14,553 INFO  [main] c.e.S.service.impl.LCDServiceImpl - Lcd save
2023-06-16 20:15:14,603 INFO  [main] c.e.S.service.impl.NewsServiceImpl - News update  1
2023-06-16 20:15:14,606 INFO  [main] c.e.S.service.impl.NewsServiceImpl - All news
2023-06-16 20:15:14,608 INFO  [main] c.e.S.service.impl.NewsServiceImpl - News find 5
2023-06-16 20:15:14,610 INFO  [main] c.e.S.service.impl.NewsServiceImpl - News save
2023-06-16 20:15:14,612 INFO  [main] c.e.S.service.impl.NewsServiceImpl - News find 5
2023-06-16 20:15:14,614 INFO  [main] c.e.S.service.impl.NewsServiceImpl - News not find 5
2023-06-16 20:15:14,616 INFO  [main] c.e.S.service.impl.NewsServiceImpl - News delete 1
2023-06-16 20:15:14,618 INFO  [main] c.e.S.service.impl.NewsServiceImpl - News not find 5
2023-06-16 20:15:14,645 INFO  [main] c.e.S.s.impl.PhotosServiceImpl - Photo update 1
2023-06-16 20:15:14,647 INFO  [main] c.e.S.s.impl.PhotosServiceImpl - All photo
2023-06-16 20:15:14,648 INFO  [main] c.e.S.s.impl.PhotosServiceImpl - Photo find 1
2023-06-16 20:15:14,649 INFO  [main] c.e.S.s.impl.PhotosServiceImpl - Photo save
2023-06-16 20:15:14,650 INFO  [main] c.e.S.s.impl.PhotosServiceImpl - Photo not find 1
2023-06-16 20:15:14,651 INFO  [main] c.e.S.s.impl.PhotosServiceImpl - Photo delete 1
2023-06-16 20:15:14,670 INFO  [main] c.e.S.s.impl.UserAddInfoServiceImpl - UserAddInfo update 1
2023-06-16 20:15:14,672 INFO  [main] c.e.S.s.impl.UserAddInfoServiceImpl - All userAddInfo
2023-06-16 20:15:14,673 INFO  [main] c.e.S.s.impl.UserAddInfoServiceImpl - Find userAddInfo 1
2023-06-16 20:15:14,674 INFO  [main] c.e.S.s.impl.UserAddInfoServiceImpl - Find userAddInfo 2
2023-06-16 20:15:14,675 INFO  [main] c.e.S.s.impl.UserAddInfoServiceImpl - UserAddInfo save
2023-06-16 20:15:14,676 INFO  [main] c.e.S.s.impl.UserAddInfoServiceImpl - UserAddInfo delete 1
2023-06-16 20:15:14,715 INFO  [main] c.e.S.service.impl.UserServiceImpl - UserAddInfo update 0
2023-06-16 20:15:14,715 INFO  [main] c.e.S.service.impl.UserServiceImpl - Agent update 1
2023-06-16 20:15:14,715 INFO  [main] c.e.S.service.impl.UserServiceImpl - User update 1
2023-06-16 20:15:14,726 INFO  [main] c.e.S.service.impl.UserServiceImpl - Agent update 1
2023-06-16 20:15:14,727 INFO  [main] c.e.S.service.impl.UserServiceImpl - User update 1
2023-06-16 20:15:14,728 INFO  [main] c.e.S.service.impl.UserServiceImpl - All user
2023-06-16 20:15:14,729 INFO  [main] c.e.S.service.impl.UserServiceImpl - User find 1
2023-06-16 20:15:14,730 INFO  [main] c.e.S.service.impl.UserServiceImpl - User not find 2
2023-06-16 20:15:14,731 INFO  [main] c.e.S.service.impl.UserServiceImpl - All NOTARY
2023-06-16 20:15:14,732 INFO  [main] c.e.S.service.impl.UserServiceImpl - User save
2023-06-16 20:15:14,733 INFO  [main] c.e.S.service.impl.UserServiceImpl - User find 1
2023-06-16 20:15:14,734 INFO  [main] c.e.S.service.impl.UserServiceImpl - User not find 2
2023-06-16 20:15:14,734 INFO  [main] c.e.S.service.impl.UserServiceImpl - All NOTARY
2023-06-16 20:15:14,736 INFO  [main] c.e.S.service.impl.UserServiceImpl - User add to blackList 1
2023-06-16 20:15:14,737 INFO  [main] c.e.S.service.impl.UserServiceImpl - Blacklist
2023-06-16 20:15:14,739 INFO  [main] c.e.S.service.impl.UserServiceImpl - Agent for user save
2023-06-16 20:15:14,739 INFO  [main] c.e.S.service.impl.UserServiceImpl - User save
2023-06-16 20:15:14,740 INFO  [main] c.e.S.service.impl.UserServiceImpl - User delete 1
